119f3ac2-02a8-11e9-a955-a0c589f5ccba,20181218.17:34:08.155, INFO,AnnotationConfigApplicationContext,,,,,, Refreshing org.springframework.context.annotation.AnnotationConfigApplicationContext@6a55299e: startup date [Tue Dec 18 17:34:08 CST 2018]; root of context hierarchy
119f3ac4-02a8-11e9-a955-a0c589f5ccba,20181218.17:34:08.481, INFO,AutowiredAnnotationBeanPostProcessor,,,,,, JSR-330 'javax.inject.Inject' annotation found and supported for autowiring
11a72a06-02a8-11e9-a955-a0c589f5ccba,20181218.17:34:08.544, INFO,PostProcessorRegistrationDelegate$BeanPostProcessorChecker,,,,,, Bean 'configurationPropertiesRebinderAutoConfiguration' of type [org.springframework.cloud.autoconfigure.ConfigurationPropertiesRebinderAutoConfiguration$$EnhancerBySpringCGLIB$$f9020dea] is not eligible for getting processed by all BeanPostProcessors (for example: not eligible for auto-proxying)
11ed5ac8-02a8-11e9-a955-a0c589f5ccba,20181218.17:34:09.004, INFO,Application,,,,,, No active profile set, falling back to default profiles: default
11efa4ba-02a8-11e9-a955-a0c589f5ccba,20181218.17:34:09.019, INFO,AnnotationConfigReactiveWebServerApplicationContext,,,,,, Refreshing org.springframework.boot.web.reactive.context.AnnotationConfigReactiveWebServerApplicationContext@63a5d002: startup date [Tue Dec 18 17:34:09 CST 2018]; parent: org.springframework.context.annotation.AnnotationConfigApplicationContext@6a55299e
128295ec-02a8-11e9-a955-a0c589f5ccba,20181218.17:34:09.981, INFO,IntegrationRegistrar,,,,,, No bean named 'integrationHeaderChannelRegistry' has been explicitly defined. Therefore, a default DefaultHeaderChannelRegistry will be created.
12b2587e-02a8-11e9-a955-a0c589f5ccba,20181218.17:34:10.294, INFO,GenericScope,,,,,, BeanFactory id=b7d8a8ee-cb36-3f32-9967-3edf95aa2952
12b69e40-02a8-11e9-a955-a0c589f5ccba,20181218.17:34:10.323, INFO,DefaultConfiguringBeanFactoryPostProcessor,,,,,, No bean named 'errorChannel' has been explicitly defined. Therefore, a default PublishSubscribeChannel will be created.
12b788a2-02a8-11e9-a955-a0c589f5ccba,20181218.17:34:10.329, INFO,DefaultConfiguringBeanFactoryPostProcessor,,,,,, No bean named 'taskScheduler' has been explicitly defined. Therefore, a default ThreadPoolTaskScheduler will be created.
12b8e834-02a8-11e9-a955-a0c589f5ccba,20181218.17:34:10.338, INFO,AutowiredAnnotationBeanPostProcessor,,,,,, JSR-330 'javax.inject.Inject' annotation found and supported for autowiring
12d83006-02a8-11e9-a955-a0c589f5ccba,20181218.17:34:10.543, INFO,PostProcessorRegistrationDelegate$BeanPostProcessorChecker,,,,,, Bean 'org.springframework.transaction.annotation.ProxyTransactionManagementConfiguration' of type [org.springframework.transaction.annotation.ProxyTransactionManagementConfiguration$$EnhancerBySpringCGLIB$$dce80aed] is not eligible for getting processed by all BeanPostProcessors (for example: not eligible for auto-proxying)
12e04658-02a8-11e9-a955-a0c589f5ccba,20181218.17:34:10.596, INFO,PostProcessorRegistrationDelegate$BeanPostProcessorChecker,,,,,, Bean 'org.springframework.integration.config.IntegrationManagementConfiguration' of type [org.springframework.integration.config.IntegrationManagementConfiguration$$EnhancerBySpringCGLIB$$47d9c61c] is not eligible for getting processed by all BeanPostProcessors (for example: not eligible for auto-proxying)
12e91ffa-02a8-11e9-a955-a0c589f5ccba,20181218.17:34:10.654, INFO,PostProcessorRegistrationDelegate$BeanPostProcessorChecker,,,,,, Bean 'org.springframework.cloud.autoconfigure.ConfigurationPropertiesRebinderAutoConfiguration' of type [org.springframework.cloud.autoconfigure.ConfigurationPropertiesRebinderAutoConfiguration$$EnhancerBySpringCGLIB$$f9020dea] is not eligible for getting processed by all BeanPostProcessors (for example: not eligible for auto-proxying)
1330fe6c-02a8-11e9-a955-a0c589f5ccba,20181218.17:34:11.125, INFO,SimpleUrlHandlerMapping,,,,,, Mapped URL path [/webjars/**] onto handler of type [class org.springframework.web.reactive.resource.ResourceWebHandler]
1330fe6e-02a8-11e9-a955-a0c589f5ccba,20181218.17:34:11.125, INFO,SimpleUrlHandlerMapping,,,,,, Mapped URL path [/**] onto handler of type [class org.springframework.web.reactive.resource.ResourceWebHandler]
13da0fb0-02a8-11e9-a955-a0c589f5ccba,20181218.17:34:12.232, WARN,URLConfigurationSource,,,,,, No URLs will be polled as dynamic configuration sources.
147bf502-02a8-11e9-a955-a0c589f5ccba,20181218.17:34:13.294, INFO,RouteDefinitionRouteLocator,,,,,, Loaded RoutePredicateFactory [After]
147bf504-02a8-11e9-a955-a0c589f5ccba,20181218.17:34:13.294, INFO,RouteDefinitionRouteLocator,,,,,, Loaded RoutePredicateFactory [Before]
147bf506-02a8-11e9-a955-a0c589f5ccba,20181218.17:34:13.294, INFO,RouteDefinitionRouteLocator,,,,,, Loaded RoutePredicateFactory [Between]
147c1c18-02a8-11e9-a955-a0c589f5ccba,20181218.17:34:13.294, INFO,RouteDefinitionRouteLocator,,,,,, Loaded RoutePredicateFactory [Cookie]
147c1c1a-02a8-11e9-a955-a0c589f5ccba,20181218.17:34:13.294, INFO,RouteDefinitionRouteLocator,,,,,, Loaded RoutePredicateFactory [Header]
147c1c1c-02a8-11e9-a955-a0c589f5ccba,20181218.17:34:13.295, INFO,RouteDefinitionRouteLocator,,,,,, Loaded RoutePredicateFactory [Host]
147c1c1e-02a8-11e9-a955-a0c589f5ccba,20181218.17:34:13.295, INFO,RouteDefinitionRouteLocator,,,,,, Loaded RoutePredicateFactory [Method]
147c1c20-02a8-11e9-a955-a0c589f5ccba,20181218.17:34:13.295, INFO,RouteDefinitionRouteLocator,,,,,, Loaded RoutePredicateFactory [Path]
147c4332-02a8-11e9-a955-a0c589f5ccba,20181218.17:34:13.295, INFO,RouteDefinitionRouteLocator,,,,,, Loaded RoutePredicateFactory [Query]
147c4334-02a8-11e9-a955-a0c589f5ccba,20181218.17:34:13.296, INFO,RouteDefinitionRouteLocator,,,,,, Loaded RoutePredicateFactory [ReadBodyPredicateFactory]
147c4336-02a8-11e9-a955-a0c589f5ccba,20181218.17:34:13.296, INFO,RouteDefinitionRouteLocator,,,,,, Loaded RoutePredicateFactory [RemoteAddr]
147c4338-02a8-11e9-a955-a0c589f5ccba,20181218.17:34:13.296, INFO,RouteDefinitionRouteLocator,,,,,, Loaded RoutePredicateFactory [Weight]
147c6a4a-02a8-11e9-a955-a0c589f5ccba,20181218.17:34:13.296, INFO,RouteDefinitionRouteLocator,,,,,, Loaded RoutePredicateFactory [CloudFoundryRouteService]
1507934c-02a8-11e9-a955-a0c589f5ccba,20181218.17:34:14.208, INFO,EndpointLinksResolver,,,,,, Exposing 2 endpoint(s) beneath base path '/actuator'
150dadce-02a8-11e9-a955-a0c589f5ccba,20181218.17:34:14.248, INFO,WebFluxEndpointHandlerMapping,,,,,, Mapped "{[/actuator/health],methods=[GET],produces=[application/vnd.spring-boot.actuator.v2+json || application/json]}" onto public org.reactivestreams.Publisher<org.springframework.http.ResponseEntity<java.lang.Object>> org.springframework.boot.actuate.endpoint.web.reactive.AbstractWebFluxEndpointHandlerMapping$ReadOperationHandler.handle(org.springframework.web.server.ServerWebExchange)
150e2300-02a8-11e9-a955-a0c589f5ccba,20181218.17:34:14.252, INFO,WebFluxEndpointHandlerMapping,,,,,, Mapped "{[/actuator/info],methods=[GET],produces=[application/vnd.spring-boot.actuator.v2+json || application/json]}" onto public org.reactivestreams.Publisher<org.springframework.http.ResponseEntity<java.lang.Object>> org.springframework.boot.actuate.endpoint.web.reactive.AbstractWebFluxEndpointHandlerMapping$ReadOperationHandler.handle(org.springframework.web.server.ServerWebExchange)
150e4a12-02a8-11e9-a955-a0c589f5ccba,20181218.17:34:14.253, INFO,WebFluxEndpointHandlerMapping,,,,,, Mapped "{[/actuator],methods=[GET],produces=[application/vnd.spring-boot.actuator.v2+json || application/json]}" onto protected java.util.Map<java.lang.String, java.util.Map<java.lang.String, org.springframework.boot.actuate.endpoint.web.Link>> org.springframework.boot.actuate.endpoint.web.reactive.WebFluxEndpointHandlerMapping.links(org.springframework.web.server.ServerWebExchange)
152ca784-02a8-11e9-a955-a0c589f5ccba,20181218.17:34:14.452, INFO,ControllerMethodResolver,,,,,, Looking for @ControllerAdvice: org.springframework.boot.web.reactive.context.AnnotationConfigReactiveWebServerApplicationContext@63a5d002: startup date [Tue Dec 18 17:34:09 CST 2018]; parent: org.springframework.context.annotation.AnnotationConfigApplicationContext@6a55299e
158af426-02a8-11e9-a955-a0c589f5ccba,20181218.17:34:15.069, INFO,ServiceMappingImpl,1,,,,, Service mapping initialize successful.
15cd2d48-02a8-11e9-a955-a0c589f5ccba,20181218.17:34:15.504, WARN,URLConfigurationSource,1,,,,, No URLs will be polled as dynamic configuration sources.
165aa03a-02a8-11e9-a955-a0c589f5ccba,20181218.17:34:16.430, INFO,ThreadPoolTaskScheduler,1,,,,, Initializing ExecutorService  'taskScheduler'
16f13aec-02a8-11e9-a955-a0c589f5ccba,20181218.17:34:17.418, INFO,AnnotationMBeanExporter,1,,,,, Registering beans for JMX exposure on startup
16f1890e-02a8-11e9-a955-a0c589f5ccba,20181218.17:34:17.419, INFO,AnnotationMBeanExporter,1,,,,, Bean with name 'doraBasicDataSource' has been autodetected for JMX exposure
16f3d300-02a8-11e9-a955-a0c589f5ccba,20181218.17:34:17.435, INFO,AnnotationMBeanExporter,1,,,,, Bean with name 'refreshScope' has been autodetected for JMX exposure
16f42122-02a8-11e9-a955-a0c589f5ccba,20181218.17:34:17.437, INFO,AnnotationMBeanExporter,1,,,,, Bean with name 'environmentManager' has been autodetected for JMX exposure
16f44834-02a8-11e9-a955-a0c589f5ccba,20181218.17:34:17.438, INFO,AnnotationMBeanExporter,1,,,,, Bean with name 'integrationMbeanExporter' has been autodetected for JMX exposure
16f46f46-02a8-11e9-a955-a0c589f5ccba,20181218.17:34:17.439, INFO,AnnotationMBeanExporter,1,,,,, Bean with name 'configurationPropertiesRebinder' has been autodetected for JMX exposure
16f53298-02a8-11e9-a955-a0c589f5ccba,20181218.17:34:17.444, INFO,AnnotationMBeanExporter,1,,,,, Located managed bean 'environmentManager': registering with JMX server as MBean [org.springframework.cloud.context.environment:name=environmentManager,type=EnvironmentManager]
16f7caaa-02a8-11e9-a955-a0c589f5ccba,20181218.17:34:17.461, INFO,AnnotationMBeanExporter,1,,,,, Located MBean 'doraBasicDataSource': registering with JMX server as MBean [org.apache.commons.dbcp2:name=doraBasicDataSource,type=BasicDataSource]
16f866ec-02a8-11e9-a955-a0c589f5ccba,20181218.17:34:17.465, INFO,AnnotationMBeanExporter,1,,,,, Located managed bean 'refreshScope': registering with JMX server as MBean [org.springframework.cloud.context.scope.refresh:name=refreshScope,type=RefreshScope]
16fcface-02a8-11e9-a955-a0c589f5ccba,20181218.17:34:17.495, INFO,AnnotationMBeanExporter,1,,,,, Located managed bean 'integrationMbeanExporter': registering with JMX server as MBean [org.springframework.integration.monitor:name=integrationMbeanExporter,type=IntegrationMBeanExporter]
1705fb80-02a8-11e9-a955-a0c589f5ccba,20181218.17:34:17.554, INFO,AnnotationMBeanExporter,1,,,,, Located managed bean 'configurationPropertiesRebinder': registering with JMX server as MBean [org.springframework.cloud.context.properties:name=configurationPropertiesRebinder,context=63a5d002,type=ConfigurationPropertiesRebinder]
170c6422-02a8-11e9-a955-a0c589f5ccba,20181218.17:34:17.595, INFO,IntegrationMBeanExporter,1,,,,, Registering beans for JMX exposure on startup
170c6424-02a8-11e9-a955-a0c589f5ccba,20181218.17:34:17.596, INFO,IntegrationMBeanExporter,1,,,,, Registering MessageChannel errorChannel
170d9ca6-02a8-11e9-a955-a0c589f5ccba,20181218.17:34:17.603, INFO,IntegrationMBeanExporter,1,,,,, Located managed bean 'org.springframework.integration:type=MessageChannel,name=errorChannel': registering with JMX server as MBean [org.springframework.integration:type=MessageChannel,name=errorChannel]
17228438-02a8-11e9-a955-a0c589f5ccba,20181218.17:34:17.740, INFO,IntegrationMBeanExporter,1,,,,, Registering MessageChannel nullChannel
1722d25a-02a8-11e9-a955-a0c589f5ccba,20181218.17:34:17.742, INFO,IntegrationMBeanExporter,1,,,,, Located managed bean 'org.springframework.integration:type=MessageChannel,name=nullChannel': registering with JMX server as MBean [org.springframework.integration:type=MessageChannel,name=nullChannel]
1724ce2c-02a8-11e9-a955-a0c589f5ccba,20181218.17:34:17.755, INFO,IntegrationMBeanExporter,1,,,,, Registering MessageHandler errorLogger
17251c4e-02a8-11e9-a955-a0c589f5ccba,20181218.17:34:17.758, INFO,IntegrationMBeanExporter,1,,,,, Located managed bean 'org.springframework.integration:type=MessageHandler,name=errorLogger,bean=internal': registering with JMX server as MBean [org.springframework.integration:type=MessageHandler,name=errorLogger,bean=internal]
172d32a0-02a8-11e9-a955-a0c589f5ccba,20181218.17:34:17.811, INFO,DefaultLifecycleProcessor,1,,,,, Starting beans in phase 0
173289d2-02a8-11e9-a955-a0c589f5ccba,20181218.17:34:17.846, INFO,InstanceInfoFactory,1,,,,, Setting initial instance status as: STARTING
17e251d4-02a8-11e9-a955-a0c589f5ccba,20181218.17:34:18.997, INFO,EurekaServiceRegistry,1,,,,, Registering application ume-could-gateway with eureka with status UP
17e3b166-02a8-11e9-a955-a0c589f5ccba,20181218.17:34:19.007, INFO,EventDrivenConsumer,1,,,,, Adding {logging-channel-adapter:_org.springframework.integration.errorLogger} as a subscriber to the 'errorChannel' channel
17e3b168-02a8-11e9-a955-a0c589f5ccba,20181218.17:34:19.007, INFO,PublishSubscribeChannel,1,,,,, Channel 'application-1.errorChannel' has 1 subscriber(s).
17e3d87a-02a8-11e9-a955-a0c589f5ccba,20181218.17:34:19.007, INFO,EventDrivenConsumer,1,,,,, started _org.springframework.integration.errorLogger
181d5f0c-02a8-11e9-a955-a0c589f5ccba,20181218.17:34:19.385, INFO,BlockingNettyContext,,,,,, Started HttpServer on /0:0:0:0:0:0:0:0:18080
181d5f0e-02a8-11e9-a955-a0c589f5ccba,20181218.17:34:19.385, INFO,NettyWebServer,1,,,,, Netty started on port(s): 18080
181d8620-02a8-11e9-a955-a0c589f5ccba,20181218.17:34:19.386, INFO,EurekaAutoServiceRegistration,1,,,,, Updating port to 18080
181dfb52-02a8-11e9-a955-a0c589f5ccba,20181218.17:34:19.389, INFO,Application,1,,,,, Started Application in 12.239 seconds (JVM running for 13.798)
1ee38864-02a8-11e9-a955-a0c589f5ccba,20181218.17:34:30.749, INFO,AnnotationConfigApplicationContext,,,,,, Refreshing SpringClientFactory-UME-QUICKSTART-CLOUD: startup date [Tue Dec 18 17:34:30 CST 2018]; parent: org.springframework.boot.web.reactive.context.AnnotationConfigReactiveWebServerApplicationContext@63a5d002
1eec3af6-02a8-11e9-a955-a0c589f5ccba,20181218.17:34:30.807, INFO,AutowiredAnnotationBeanPostProcessor,,,,,, JSR-330 'javax.inject.Inject' annotation found and supported for autowiring
22790b38-02a8-11e9-a955-a0c589f5ccba,20181218.17:34:36.763, WARN,DefaultErrorWebExceptionHandler,,,,,, Failed to handle request [GET http://localhost:18080/UME-QUICKSTART-CLOUD2/service/capi/sys/ws081/%7B%22id%22:101%7D]: Response status 404
2cd887ea-02a8-11e9-a955-a0c589f5ccba,20181218.17:34:54.165, WARN,DefaultErrorWebExceptionHandler,,,,,, Failed to handle request [GET http://localhost:18080/lb/UME-QUICKSTART-CLOUD/service/capi/sys/ws081/%7B%22id%22:101%7D]: Response status 404
45c12d42-02a8-11e9-8b19-a0c589f5ccba,20181218.17:35:35.634, INFO,AnnotationConfigApplicationContext,,,,,, Refreshing org.springframework.context.annotation.AnnotationConfigApplicationContext@db57326: startup date [Tue Dec 18 17:35:35 CST 2018]; root of context hierarchy
45c12d44-02a8-11e9-8b19-a0c589f5ccba,20181218.17:35:35.954, INFO,AutowiredAnnotationBeanPostProcessor,,,,,, JSR-330 'javax.inject.Inject' annotation found and supported for autowiring
45c88046-02a8-11e9-8b19-a0c589f5ccba,20181218.17:35:36.004, INFO,PostProcessorRegistrationDelegate$BeanPostProcessorChecker,,,,,, Bean 'configurationPropertiesRebinderAutoConfiguration' of type [org.springframework.cloud.autoconfigure.ConfigurationPropertiesRebinderAutoConfiguration$$EnhancerBySpringCGLIB$$4e05dfdc] is not eligible for getting processed by all BeanPostProcessors (for example: not eligible for auto-proxying)
46053b28-02a8-11e9-8b19-a0c589f5ccba,20181218.17:35:36.402, INFO,Application,,,,,, No active profile set, falling back to default profiles: default
4607851a-02a8-11e9-8b19-a0c589f5ccba,20181218.17:35:36.417, INFO,AnnotationConfigReactiveWebServerApplicationContext,,,,,, Refreshing org.springframework.boot.web.reactive.context.AnnotationConfigReactiveWebServerApplicationContext@77e80a5e: startup date [Tue Dec 18 17:35:36 CST 2018]; parent: org.springframework.context.annotation.AnnotationConfigApplicationContext@db57326
469ff48c-02a8-11e9-8b19-a0c589f5ccba,20181218.17:35:37.416, INFO,IntegrationRegistrar,,,,,, No bean named 'integrationHeaderChannelRegistry' has been explicitly defined. Therefore, a default DefaultHeaderChannelRegistry will be created.
46d387ae-02a8-11e9-8b19-a0c589f5ccba,20181218.17:35:37.754, INFO,GenericScope,,,,,, BeanFactory id=76e6035e-54c1-3b7d-a8a7-7b6571873e44
46d66de0-02a8-11e9-8b19-a0c589f5ccba,20181218.17:35:37.773, INFO,DefaultConfiguringBeanFactoryPostProcessor,,,,,, No bean named 'errorChannel' has been explicitly defined. Therefore, a default PublishSubscribeChannel will be created.
46d75842-02a8-11e9-8b19-a0c589f5ccba,20181218.17:35:37.779, INFO,DefaultConfiguringBeanFactoryPostProcessor,,,,,, No bean named 'taskScheduler' has been explicitly defined. Therefore, a default ThreadPoolTaskScheduler will be created.
46d8dee4-02a8-11e9-8b19-a0c589f5ccba,20181218.17:35:37.788, INFO,AutowiredAnnotationBeanPostProcessor,,,,,, JSR-330 'javax.inject.Inject' annotation found and supported for autowiring
46f7ffa6-02a8-11e9-8b19-a0c589f5ccba,20181218.17:35:37.993, INFO,PostProcessorRegistrationDelegate$BeanPostProcessorChecker,,,,,, Bean 'org.springframework.transaction.annotation.ProxyTransactionManagementConfiguration' of type [org.springframework.transaction.annotation.ProxyTransactionManagementConfiguration$$EnhancerBySpringCGLIB$$31ebdcdf] is not eligible for getting processed by all BeanPostProcessors (for example: not eligible for auto-proxying)
47010058-02a8-11e9-8b19-a0c589f5ccba,20181218.17:35:38.052, INFO,PostProcessorRegistrationDelegate$BeanPostProcessorChecker,,,,,, Bean 'org.springframework.integration.config.IntegrationManagementConfiguration' of type [org.springframework.integration.config.IntegrationManagementConfiguration$$EnhancerBySpringCGLIB$$9cdd980e] is not eligible for getting processed by all BeanPostProcessors (for example: not eligible for auto-proxying)
470b609a-02a8-11e9-8b19-a0c589f5ccba,20181218.17:35:38.119, INFO,PostProcessorRegistrationDelegate$BeanPostProcessorChecker,,,,,, Bean 'org.springframework.cloud.autoconfigure.ConfigurationPropertiesRebinderAutoConfiguration' of type [org.springframework.cloud.autoconfigure.ConfigurationPropertiesRebinderAutoConfiguration$$EnhancerBySpringCGLIB$$4e05dfdc] is not eligible for getting processed by all BeanPostProcessors (for example: not eligible for auto-proxying)
4755d71c-02a8-11e9-8b19-a0c589f5ccba,20181218.17:35:38.608, INFO,SimpleUrlHandlerMapping,,,,,, Mapped URL path [/webjars/**] onto handler of type [class org.springframework.web.reactive.resource.ResourceWebHandler]
4755fe2e-02a8-11e9-8b19-a0c589f5ccba,20181218.17:35:38.608, INFO,SimpleUrlHandlerMapping,,,,,, Mapped URL path [/**] onto handler of type [class org.springframework.web.reactive.resource.ResourceWebHandler]
4801a780-02a8-11e9-8b19-a0c589f5ccba,20181218.17:35:39.733, WARN,URLConfigurationSource,,,,,, No URLs will be polled as dynamic configuration sources.
48a5d6c2-02a8-11e9-8b19-a0c589f5ccba,20181218.17:35:40.809, INFO,RouteDefinitionRouteLocator,,,,,, Loaded RoutePredicateFactory [After]
48a5d6c4-02a8-11e9-8b19-a0c589f5ccba,20181218.17:35:40.810, INFO,RouteDefinitionRouteLocator,,,,,, Loaded RoutePredicateFactory [Before]
48a5d6c6-02a8-11e9-8b19-a0c589f5ccba,20181218.17:35:40.810, INFO,RouteDefinitionRouteLocator,,,,,, Loaded RoutePredicateFactory [Between]
48a5d6c8-02a8-11e9-8b19-a0c589f5ccba,20181218.17:35:40.810, INFO,RouteDefinitionRouteLocator,,,,,, Loaded RoutePredicateFactory [Cookie]
48a5d6ca-02a8-11e9-8b19-a0c589f5ccba,20181218.17:35:40.810, INFO,RouteDefinitionRouteLocator,,,,,, Loaded RoutePredicateFactory [Header]
48a5fddc-02a8-11e9-8b19-a0c589f5ccba,20181218.17:35:40.810, INFO,RouteDefinitionRouteLocator,,,,,, Loaded RoutePredicateFactory [Host]
48a5fdde-02a8-11e9-8b19-a0c589f5ccba,20181218.17:35:40.811, INFO,RouteDefinitionRouteLocator,,,,,, Loaded RoutePredicateFactory [Method]
48a5fde0-02a8-11e9-8b19-a0c589f5ccba,20181218.17:35:40.811, INFO,RouteDefinitionRouteLocator,,,,,, Loaded RoutePredicateFactory [Path]
48a5fde2-02a8-11e9-8b19-a0c589f5ccba,20181218.17:35:40.811, INFO,RouteDefinitionRouteLocator,,,,,, Loaded RoutePredicateFactory [Query]
48a5fde4-02a8-11e9-8b19-a0c589f5ccba,20181218.17:35:40.811, INFO,RouteDefinitionRouteLocator,,,,,, Loaded RoutePredicateFactory [ReadBodyPredicateFactory]
48a5fde6-02a8-11e9-8b19-a0c589f5ccba,20181218.17:35:40.811, INFO,RouteDefinitionRouteLocator,,,,,, Loaded RoutePredicateFactory [RemoteAddr]
48a5fde8-02a8-11e9-8b19-a0c589f5ccba,20181218.17:35:40.811, INFO,RouteDefinitionRouteLocator,,,,,, Loaded RoutePredicateFactory [Weight]
48a624fa-02a8-11e9-8b19-a0c589f5ccba,20181218.17:35:40.811, INFO,RouteDefinitionRouteLocator,,,,,, Loaded RoutePredicateFactory [CloudFoundryRouteService]
493cbfac-02a8-11e9-8b19-a0c589f5ccba,20181218.17:35:41.798, INFO,EndpointLinksResolver,,,,,, Exposing 2 endpoint(s) beneath base path '/actuator'
4943284e-02a8-11e9-8b19-a0c589f5ccba,20181218.17:35:41.840, INFO,WebFluxEndpointHandlerMapping,,,,,, Mapped "{[/actuator/health],methods=[GET],produces=[application/vnd.spring-boot.actuator.v2+json || application/json]}" onto public org.reactivestreams.Publisher<org.springframework.http.ResponseEntity<java.lang.Object>> org.springframework.boot.actuate.endpoint.web.reactive.AbstractWebFluxEndpointHandlerMapping$ReadOperationHandler.handle(org.springframework.web.server.ServerWebExchange)
49439d80-02a8-11e9-8b19-a0c589f5ccba,20181218.17:35:41.843, INFO,WebFluxEndpointHandlerMapping,,,,,, Mapped "{[/actuator/info],methods=[GET],produces=[application/vnd.spring-boot.actuator.v2+json || application/json]}" onto public org.reactivestreams.Publisher<org.springframework.http.ResponseEntity<java.lang.Object>> org.springframework.boot.actuate.endpoint.web.reactive.AbstractWebFluxEndpointHandlerMapping$ReadOperationHandler.handle(org.springframework.web.server.ServerWebExchange)
4943c492-02a8-11e9-8b19-a0c589f5ccba,20181218.17:35:41.845, INFO,WebFluxEndpointHandlerMapping,,,,,, Mapped "{[/actuator],methods=[GET],produces=[application/vnd.spring-boot.actuator.v2+json || application/json]}" onto protected java.util.Map<java.lang.String, java.util.Map<java.lang.String, org.springframework.boot.actuate.endpoint.web.Link>> org.springframework.boot.actuate.endpoint.web.reactive.WebFluxEndpointHandlerMapping.links(org.springframework.web.server.ServerWebExchange)
49611094-02a8-11e9-8b19-a0c589f5ccba,20181218.17:35:42.036, INFO,ControllerMethodResolver,,,,,, Looking for @ControllerAdvice: org.springframework.boot.web.reactive.context.AnnotationConfigReactiveWebServerApplicationContext@77e80a5e: startup date [Tue Dec 18 17:35:36 CST 2018]; parent: org.springframework.context.annotation.AnnotationConfigApplicationContext@db57326
49b52406-02a8-11e9-8b19-a0c589f5ccba,20181218.17:35:42.587, INFO,ServiceMappingImpl,1,,,,, Service mapping initialize successful.
49f5fd98-02a8-11e9-8b19-a0c589f5ccba,20181218.17:35:43.013, WARN,URLConfigurationSource,1,,,,, No URLs will be polled as dynamic configuration sources.
4a85ba7a-02a8-11e9-8b19-a0c589f5ccba,20181218.17:35:43.955, INFO,ThreadPoolTaskScheduler,1,,,,, Initializing ExecutorService  'taskScheduler'
4b29e9bc-02a8-11e9-8b19-a0c589f5ccba,20181218.17:35:45.031, INFO,AnnotationMBeanExporter,1,,,,, Registering beans for JMX exposure on startup
4b2a10ce-02a8-11e9-8b19-a0c589f5ccba,20181218.17:35:45.032, INFO,AnnotationMBeanExporter,1,,,,, Bean with name 'doraBasicDataSource' has been autodetected for JMX exposure
4b2c33b0-02a8-11e9-8b19-a0c589f5ccba,20181218.17:35:45.046, INFO,AnnotationMBeanExporter,1,,,,, Bean with name 'refreshScope' has been autodetected for JMX exposure
4b2c81d2-02a8-11e9-8b19-a0c589f5ccba,20181218.17:35:45.048, INFO,AnnotationMBeanExporter,1,,,,, Bean with name 'environmentManager' has been autodetected for JMX exposure
4b2ca8e4-02a8-11e9-8b19-a0c589f5ccba,20181218.17:35:45.049, INFO,AnnotationMBeanExporter,1,,,,, Bean with name 'integrationMbeanExporter' has been autodetected for JMX exposure
4b2ccff6-02a8-11e9-8b19-a0c589f5ccba,20181218.17:35:45.049, INFO,AnnotationMBeanExporter,1,,,,, Bean with name 'configurationPropertiesRebinder' has been autodetected for JMX exposure
4b2d4528-02a8-11e9-8b19-a0c589f5ccba,20181218.17:35:45.053, INFO,AnnotationMBeanExporter,1,,,,, Located managed bean 'environmentManager': registering with JMX server as MBean [org.springframework.cloud.context.environment:name=environmentManager,type=EnvironmentManager]
4b2f40fa-02a8-11e9-8b19-a0c589f5ccba,20181218.17:35:45.066, INFO,AnnotationMBeanExporter,1,,,,, Located MBean 'doraBasicDataSource': registering with JMX server as MBean [org.apache.commons.dbcp2:name=doraBasicDataSource,type=BasicDataSource]
4b2fb62c-02a8-11e9-8b19-a0c589f5ccba,20181218.17:35:45.069, INFO,AnnotationMBeanExporter,1,,,,, Located managed bean 'refreshScope': registering with JMX server as MBean [org.springframework.cloud.context.scope.refresh:name=refreshScope,type=RefreshScope]
4b33adce-02a8-11e9-8b19-a0c589f5ccba,20181218.17:35:45.094, INFO,AnnotationMBeanExporter,1,,,,, Located managed bean 'integrationMbeanExporter': registering with JMX server as MBean [org.springframework.integration.monitor:name=integrationMbeanExporter,type=IntegrationMBeanExporter]
4b3c3950-02a8-11e9-8b19-a0c589f5ccba,20181218.17:35:45.151, INFO,AnnotationMBeanExporter,1,,,,, Located managed bean 'configurationPropertiesRebinder': registering with JMX server as MBean [org.springframework.cloud.context.properties:name=configurationPropertiesRebinder,context=77e80a5e,type=ConfigurationPropertiesRebinder]
4b4205b2-02a8-11e9-8b19-a0c589f5ccba,20181218.17:35:45.188, INFO,IntegrationMBeanExporter,1,,,,, Registering beans for JMX exposure on startup
4b4205b4-02a8-11e9-8b19-a0c589f5ccba,20181218.17:35:45.189, INFO,IntegrationMBeanExporter,1,,,,, Registering MessageChannel nullChannel
4b42f016-02a8-11e9-8b19-a0c589f5ccba,20181218.17:35:45.194, INFO,IntegrationMBeanExporter,1,,,,, Located managed bean 'org.springframework.integration:type=MessageChannel,name=nullChannel': registering with JMX server as MBean [org.springframework.integration:type=MessageChannel,name=nullChannel]
4b44ebe8-02a8-11e9-8b19-a0c589f5ccba,20181218.17:35:45.208, INFO,IntegrationMBeanExporter,1,,,,, Registering MessageChannel errorChannel
4b453a0a-02a8-11e9-8b19-a0c589f5ccba,20181218.17:35:45.210, INFO,IntegrationMBeanExporter,1,,,,, Located managed bean 'org.springframework.integration:type=MessageChannel,name=errorChannel': registering with JMX server as MBean [org.springframework.integration:type=MessageChannel,name=errorChannel]
4b55b4cc-02a8-11e9-8b19-a0c589f5ccba,20181218.17:35:45.318, INFO,IntegrationMBeanExporter,1,,,,, Registering MessageHandler errorLogger
4b5629fe-02a8-11e9-8b19-a0c589f5ccba,20181218.17:35:45.320, INFO,IntegrationMBeanExporter,1,,,,, Located managed bean 'org.springframework.integration:type=MessageHandler,name=errorLogger,bean=internal': registering with JMX server as MBean [org.springframework.integration:type=MessageHandler,name=errorLogger,bean=internal]
4b5e6760-02a8-11e9-8b19-a0c589f5ccba,20181218.17:35:45.375, INFO,DefaultLifecycleProcessor,1,,,,, Starting beans in phase 0
4b62fb42-02a8-11e9-8b19-a0c589f5ccba,20181218.17:35:45.404, INFO,InstanceInfoFactory,1,,,,, Setting initial instance status as: STARTING
4c10c774-02a8-11e9-8b19-a0c589f5ccba,20181218.17:35:46.543, INFO,EurekaServiceRegistry,1,,,,, Registering application ume-could-gateway with eureka with status UP
4c122706-02a8-11e9-8b19-a0c589f5ccba,20181218.17:35:46.553, INFO,EventDrivenConsumer,1,,,,, Adding {logging-channel-adapter:_org.springframework.integration.errorLogger} as a subscriber to the 'errorChannel' channel
4c122708-02a8-11e9-8b19-a0c589f5ccba,20181218.17:35:46.553, INFO,PublishSubscribeChannel,1,,,,, Channel 'application-1.errorChannel' has 1 subscriber(s).
4c124e1a-02a8-11e9-8b19-a0c589f5ccba,20181218.17:35:46.553, INFO,EventDrivenConsumer,1,,,,, started _org.springframework.integration.errorLogger
4c50417c-02a8-11e9-8b19-a0c589f5ccba,20181218.17:35:46.959, INFO,BlockingNettyContext,,,,,, Started HttpServer on /0:0:0:0:0:0:0:0:18080
4c50417e-02a8-11e9-8b19-a0c589f5ccba,20181218.17:35:46.959, INFO,NettyWebServer,1,,,,, Netty started on port(s): 18080
4c504180-02a8-11e9-8b19-a0c589f5ccba,20181218.17:35:46.960, INFO,EurekaAutoServiceRegistration,1,,,,, Updating port to 18080
4c50b6b2-02a8-11e9-8b19-a0c589f5ccba,20181218.17:35:46.963, INFO,Application,1,,,,, Started Application in 12.411 seconds (JVM running for 13.898)
57650474-02a8-11e9-8b19-a0c589f5ccba,20181218.17:36:05.551, WARN,DefaultErrorWebExceptionHandler,,,,,, Failed to handle request [GET http://localhost:18080/lb/UME-QUICKSTART-CLOUD/service/capi/sys/ws081/%7B%22id%22:101%7D]: Response status 404
74b6d0d6-02a8-11e9-8b19-a0c589f5ccba,20181218.17:36:54.741, WARN,DefaultErrorWebExceptionHandler,,,,,, Failed to handle request [GET http://localhost:18080/lb/ume-quickstart-cloud2/service/capi/sys/ws081/%7B%22id%22:101%7D]: Response status 404
98d02592-02a8-11e9-9d7c-a0c589f5ccba,20181218.17:37:54.974, INFO,AnnotationConfigApplicationContext,,,,,, Refreshing org.springframework.context.annotation.AnnotationConfigApplicationContext@19b93fa8: startup date [Tue Dec 18 17:37:54 CST 2018]; root of context hierarchy
98d04ca4-02a8-11e9-9d7c-a0c589f5ccba,20181218.17:37:55.274, INFO,AutowiredAnnotationBeanPostProcessor,,,,,, JSR-330 'javax.inject.Inject' annotation found and supported for autowiring
98d50796-02a8-11e9-9d7c-a0c589f5ccba,20181218.17:37:55.336, INFO,PostProcessorRegistrationDelegate$BeanPostProcessorChecker,,,,,, Bean 'configurationPropertiesRebinderAutoConfiguration' of type [org.springframework.cloud.autoconfigure.ConfigurationPropertiesRebinderAutoConfiguration$$EnhancerBySpringCGLIB$$70c2fc82] is not eligible for getting processed by all BeanPostProcessors (for example: not eligible for auto-proxying)
9915ba18-02a8-11e9-9d7c-a0c589f5ccba,20181218.17:37:55.760, INFO,Application,,,,,, No active profile set, falling back to default profiles: default
9917dcfa-02a8-11e9-9d7c-a0c589f5ccba,20181218.17:37:55.775, INFO,AnnotationConfigReactiveWebServerApplicationContext,,,,,, Refreshing org.springframework.boot.web.reactive.context.AnnotationConfigReactiveWebServerApplicationContext@1b1637e1: startup date [Tue Dec 18 17:37:55 CST 2018]; parent: org.springframework.context.annotation.AnnotationConfigApplicationContext@19b93fa8
99afd73c-02a8-11e9-9d7c-a0c589f5ccba,20181218.17:37:56.771, INFO,IntegrationRegistrar,,,,,, No bean named 'integrationHeaderChannelRegistry' has been explicitly defined. Therefore, a default DefaultHeaderChannelRegistry will be created.
99ed2e5e-02a8-11e9-9d7c-a0c589f5ccba,20181218.17:37:57.172, INFO,GenericScope,,,,,, BeanFactory id=76e6035e-54c1-3b7d-a8a7-7b6571873e44
99f23770-02a8-11e9-9d7c-a0c589f5ccba,20181218.17:37:57.205, INFO,DefaultConfiguringBeanFactoryPostProcessor,,,,,, No bean named 'errorChannel' has been explicitly defined. Therefore, a default PublishSubscribeChannel will be created.
99f348e2-02a8-11e9-9d7c-a0c589f5ccba,20181218.17:37:57.213, INFO,DefaultConfiguringBeanFactoryPostProcessor,,,,,, No bean named 'taskScheduler' has been explicitly defined. Therefore, a default ThreadPoolTaskScheduler will be created.
99f4f694-02a8-11e9-9d7c-a0c589f5ccba,20181218.17:37:57.224, INFO,AutowiredAnnotationBeanPostProcessor,,,,,, JSR-330 'javax.inject.Inject' annotation found and supported for autowiring
9a17c0d6-02a8-11e9-9d7c-a0c589f5ccba,20181218.17:37:57.452, INFO,PostProcessorRegistrationDelegate$BeanPostProcessorChecker,,,,,, Bean 'org.springframework.transaction.annotation.ProxyTransactionManagementConfiguration' of type [org.springframework.transaction.annotation.ProxyTransactionManagementConfiguration$$EnhancerBySpringCGLIB$$54a8f985] is not eligible for getting processed by all BeanPostProcessors (for example: not eligible for auto-proxying)
9a209a78-02a8-11e9-9d7c-a0c589f5ccba,20181218.17:37:57.510, INFO,PostProcessorRegistrationDelegate$BeanPostProcessorChecker,,,,,, Bean 'org.springframework.integration.config.IntegrationManagementConfiguration' of type [org.springframework.integration.config.IntegrationManagementConfiguration$$EnhancerBySpringCGLIB$$bf9ab4b4] is not eligible for getting processed by all BeanPostProcessors (for example: not eligible for auto-proxying)
9a299b2a-02a8-11e9-9d7c-a0c589f5ccba,20181218.17:37:57.569, INFO,PostProcessorRegistrationDelegate$BeanPostProcessorChecker,,,,,, Bean 'org.springframework.cloud.autoconfigure.ConfigurationPropertiesRebinderAutoConfiguration' of type [org.springframework.cloud.autoconfigure.ConfigurationPropertiesRebinderAutoConfiguration$$EnhancerBySpringCGLIB$$70c2fc82] is not eligible for getting processed by all BeanPostProcessors (for example: not eligible for auto-proxying)
9a70dd5c-02a8-11e9-9d7c-a0c589f5ccba,20181218.17:37:58.036, INFO,SimpleUrlHandlerMapping,,,,,, Mapped URL path [/webjars/**] onto handler of type [class org.springframework.web.reactive.resource.ResourceWebHandler]
9a70dd5e-02a8-11e9-9d7c-a0c589f5ccba,20181218.17:37:58.036, INFO,SimpleUrlHandlerMapping,,,,,, Mapped URL path [/**] onto handler of type [class org.springframework.web.reactive.resource.ResourceWebHandler]
9b08d7a0-02a8-11e9-9d7c-a0c589f5ccba,20181218.17:37:59.031, WARN,URLConfigurationSource,,,,,, No URLs will be polled as dynamic configuration sources.
9bb8c6b2-02a8-11e9-9d7c-a0c589f5ccba,20181218.17:38:00.185, INFO,RouteDefinitionRouteLocator,,,,,, Loaded RoutePredicateFactory [After]
9bb8c6b4-02a8-11e9-9d7c-a0c589f5ccba,20181218.17:38:00.185, INFO,RouteDefinitionRouteLocator,,,,,, Loaded RoutePredicateFactory [Before]
9bb8edc6-02a8-11e9-9d7c-a0c589f5ccba,20181218.17:38:00.185, INFO,RouteDefinitionRouteLocator,,,,,, Loaded RoutePredicateFactory [Between]
9bb8edc8-02a8-11e9-9d7c-a0c589f5ccba,20181218.17:38:00.185, INFO,RouteDefinitionRouteLocator,,,,,, Loaded RoutePredicateFactory [Cookie]
9bb8edca-02a8-11e9-9d7c-a0c589f5ccba,20181218.17:38:00.186, INFO,RouteDefinitionRouteLocator,,,,,, Loaded RoutePredicateFactory [Header]
9bb8edcc-02a8-11e9-9d7c-a0c589f5ccba,20181218.17:38:00.186, INFO,RouteDefinitionRouteLocator,,,,,, Loaded RoutePredicateFactory [Host]
9bb8edce-02a8-11e9-9d7c-a0c589f5ccba,20181218.17:38:00.186, INFO,RouteDefinitionRouteLocator,,,,,, Loaded RoutePredicateFactory [Method]
9bb914e0-02a8-11e9-9d7c-a0c589f5ccba,20181218.17:38:00.186, INFO,RouteDefinitionRouteLocator,,,,,, Loaded RoutePredicateFactory [Path]
9bb914e2-02a8-11e9-9d7c-a0c589f5ccba,20181218.17:38:00.187, INFO,RouteDefinitionRouteLocator,,,,,, Loaded RoutePredicateFactory [Query]
9bb914e4-02a8-11e9-9d7c-a0c589f5ccba,20181218.17:38:00.187, INFO,RouteDefinitionRouteLocator,,,,,, Loaded RoutePredicateFactory [ReadBodyPredicateFactory]
9bb914e6-02a8-11e9-9d7c-a0c589f5ccba,20181218.17:38:00.187, INFO,RouteDefinitionRouteLocator,,,,,, Loaded RoutePredicateFactory [RemoteAddr]
9bb93bf8-02a8-11e9-9d7c-a0c589f5ccba,20181218.17:38:00.187, INFO,RouteDefinitionRouteLocator,,,,,, Loaded RoutePredicateFactory [Weight]
9bb93bfa-02a8-11e9-9d7c-a0c589f5ccba,20181218.17:38:00.188, INFO,RouteDefinitionRouteLocator,,,,,, Loaded RoutePredicateFactory [CloudFoundryRouteService]
9c43056c-02a8-11e9-9d7c-a0c589f5ccba,20181218.17:38:01.090, INFO,EndpointLinksResolver,,,,,, Exposing 2 endpoint(s) beneath base path '/actuator'
9c48aabe-02a8-11e9-9d7c-a0c589f5ccba,20181218.17:38:01.128, INFO,WebFluxEndpointHandlerMapping,,,,,, Mapped "{[/actuator/health],methods=[GET],produces=[application/vnd.spring-boot.actuator.v2+json || application/json]}" onto public org.reactivestreams.Publisher<org.springframework.http.ResponseEntity<java.lang.Object>> org.springframework.boot.actuate.endpoint.web.reactive.AbstractWebFluxEndpointHandlerMapping$ReadOperationHandler.handle(org.springframework.web.server.ServerWebExchange)
9c491ff0-02a8-11e9-9d7c-a0c589f5ccba,20181218.17:38:01.131, INFO,WebFluxEndpointHandlerMapping,,,,,, Mapped "{[/actuator/info],methods=[GET],produces=[application/vnd.spring-boot.actuator.v2+json || application/json]}" onto public org.reactivestreams.Publisher<org.springframework.http.ResponseEntity<java.lang.Object>> org.springframework.boot.actuate.endpoint.web.reactive.AbstractWebFluxEndpointHandlerMapping$ReadOperationHandler.handle(org.springframework.web.server.ServerWebExchange)
9c494702-02a8-11e9-9d7c-a0c589f5ccba,20181218.17:38:01.132, INFO,WebFluxEndpointHandlerMapping,,,,,, Mapped "{[/actuator],methods=[GET],produces=[application/vnd.spring-boot.actuator.v2+json || application/json]}" onto protected java.util.Map<java.lang.String, java.util.Map<java.lang.String, org.springframework.boot.actuate.endpoint.web.Link>> org.springframework.boot.actuate.endpoint.web.reactive.WebFluxEndpointHandlerMapping.links(org.springframework.web.server.ServerWebExchange)
9c644914-02a8-11e9-9d7c-a0c589f5ccba,20181218.17:38:01.309, INFO,ControllerMethodResolver,,,,,, Looking for @ControllerAdvice: org.springframework.boot.web.reactive.context.AnnotationConfigReactiveWebServerApplicationContext@1b1637e1: startup date [Tue Dec 18 17:37:55 CST 2018]; parent: org.springframework.context.annotation.AnnotationConfigApplicationContext@19b93fa8
9cb26916-02a8-11e9-9d7c-a0c589f5ccba,20181218.17:38:01.821, INFO,ServiceMappingImpl,1,,,,, Service mapping initialize successful.
9cebefa8-02a8-11e9-9d7c-a0c589f5ccba,20181218.17:38:02.198, WARN,URLConfigurationSource,1,,,,, No URLs will be polled as dynamic configuration sources.
9d8a799a-02a8-11e9-9d7c-a0c589f5ccba,20181218.17:38:03.237, INFO,ThreadPoolTaskScheduler,1,,,,, Initializing ExecutorService  'taskScheduler'
9e250bec-02a8-11e9-9d7c-a0c589f5ccba,20181218.17:38:04.249, INFO,AnnotationMBeanExporter,1,,,,, Registering beans for JMX exposure on startup
9e2532fe-02a8-11e9-9d7c-a0c589f5ccba,20181218.17:38:04.250, INFO,AnnotationMBeanExporter,1,,,,, Bean with name 'doraBasicDataSource' has been autodetected for JMX exposure
9e2707c0-02a8-11e9-9d7c-a0c589f5ccba,20181218.17:38:04.263, INFO,AnnotationMBeanExporter,1,,,,, Bean with name 'refreshScope' has been autodetected for JMX exposure
9e2755e2-02a8-11e9-9d7c-a0c589f5ccba,20181218.17:38:04.265, INFO,AnnotationMBeanExporter,1,,,,, Bean with name 'environmentManager' has been autodetected for JMX exposure
9e277cf4-02a8-11e9-9d7c-a0c589f5ccba,20181218.17:38:04.266, INFO,AnnotationMBeanExporter,1,,,,, Bean with name 'integrationMbeanExporter' has been autodetected for JMX exposure
9e27a406-02a8-11e9-9d7c-a0c589f5ccba,20181218.17:38:04.267, INFO,AnnotationMBeanExporter,1,,,,, Bean with name 'configurationPropertiesRebinder' has been autodetected for JMX exposure
9e286758-02a8-11e9-9d7c-a0c589f5ccba,20181218.17:38:04.271, INFO,AnnotationMBeanExporter,1,,,,, Located managed bean 'environmentManager': registering with JMX server as MBean [org.springframework.cloud.context.environment:name=environmentManager,type=EnvironmentManager]
9e2ad85a-02a8-11e9-9d7c-a0c589f5ccba,20181218.17:38:04.288, INFO,AnnotationMBeanExporter,1,,,,, Located MBean 'doraBasicDataSource': registering with JMX server as MBean [org.apache.commons.dbcp2:name=doraBasicDataSource,type=BasicDataSource]
9e2b749c-02a8-11e9-9d7c-a0c589f5ccba,20181218.17:38:04.291, INFO,AnnotationMBeanExporter,1,,,,, Located managed bean 'refreshScope': registering with JMX server as MBean [org.springframework.cloud.context.scope.refresh:name=refreshScope,type=RefreshScope]
9e2fba5e-02a8-11e9-9d7c-a0c589f5ccba,20181218.17:38:04.320, INFO,AnnotationMBeanExporter,1,,,,, Located managed bean 'integrationMbeanExporter': registering with JMX server as MBean [org.springframework.integration.monitor:name=integrationMbeanExporter,type=IntegrationMBeanExporter]
9e36e650-02a8-11e9-9d7c-a0c589f5ccba,20181218.17:38:04.367, INFO,AnnotationMBeanExporter,1,,,,, Located managed bean 'configurationPropertiesRebinder': registering with JMX server as MBean [org.springframework.cloud.context.properties:name=configurationPropertiesRebinder,context=1b1637e1,type=ConfigurationPropertiesRebinder]
9e3bef62-02a8-11e9-9d7c-a0c589f5ccba,20181218.17:38:04.399, INFO,IntegrationMBeanExporter,1,,,,, Registering beans for JMX exposure on startup
9e3bef64-02a8-11e9-9d7c-a0c589f5ccba,20181218.17:38:04.400, INFO,IntegrationMBeanExporter,1,,,,, Registering MessageChannel errorChannel
9e3cb2b6-02a8-11e9-9d7c-a0c589f5ccba,20181218.17:38:04.405, INFO,IntegrationMBeanExporter,1,,,,, Located managed bean 'org.springframework.integration:type=MessageChannel,name=errorChannel': registering with JMX server as MBean [org.springframework.integration:type=MessageChannel,name=errorChannel]
9e4bf4f8-02a8-11e9-9d7c-a0c589f5ccba,20181218.17:38:04.505, INFO,IntegrationMBeanExporter,1,,,,, Registering MessageChannel nullChannel
9e4c431a-02a8-11e9-9d7c-a0c589f5ccba,20181218.17:38:04.507, INFO,IntegrationMBeanExporter,1,,,,, Located managed bean 'org.springframework.integration:type=MessageChannel,name=nullChannel': registering with JMX server as MBean [org.springframework.integration:type=MessageChannel,name=nullChannel]
9e4da2ac-02a8-11e9-9d7c-a0c589f5ccba,20181218.17:38:04.516, INFO,IntegrationMBeanExporter,1,,,,, Registering MessageHandler errorLogger
9e4dc9be-02a8-11e9-9d7c-a0c589f5ccba,20181218.17:38:04.517, INFO,IntegrationMBeanExporter,1,,,,, Located managed bean 'org.springframework.integration:type=MessageHandler,name=errorLogger,bean=internal': registering with JMX server as MBean [org.springframework.integration:type=MessageHandler,name=errorLogger,bean=internal]
9e534800-02a8-11e9-9d7c-a0c589f5ccba,20181218.17:38:04.552, INFO,DefaultLifecycleProcessor,1,,,,, Starting beans in phase 0
9e57dbe2-02a8-11e9-9d7c-a0c589f5ccba,20181218.17:38:04.583, INFO,InstanceInfoFactory,1,,,,, Setting initial instance status as: STARTING
9f1d00a4-02a8-11e9-9d7c-a0c589f5ccba,20181218.17:38:05.874, INFO,EurekaServiceRegistry,1,,,,, Registering application ume-could-gateway with eureka with status UP
9f1f71a6-02a8-11e9-9d7c-a0c589f5ccba,20181218.17:38:05.888, INFO,EventDrivenConsumer,1,,,,, Adding {logging-channel-adapter:_org.springframework.integration.errorLogger} as a subscriber to the 'errorChannel' channel
9f1f71a8-02a8-11e9-9d7c-a0c589f5ccba,20181218.17:38:05.889, INFO,PublishSubscribeChannel,1,,,,, Channel 'application-1.errorChannel' has 1 subscriber(s).
9f1f71aa-02a8-11e9-9d7c-a0c589f5ccba,20181218.17:38:05.889, INFO,EventDrivenConsumer,1,,,,, started _org.springframework.integration.errorLogger
9f6bbcec-02a8-11e9-9d7c-a0c589f5ccba,20181218.17:38:06.391, INFO,BlockingNettyContext,,,,,, Started HttpServer on /0:0:0:0:0:0:0:0:18080
9f6be3fe-02a8-11e9-9d7c-a0c589f5ccba,20181218.17:38:06.391, INFO,NettyWebServer,1,,,,, Netty started on port(s): 18080
9f6c0b10-02a8-11e9-9d7c-a0c589f5ccba,20181218.17:38:06.393, INFO,EurekaAutoServiceRegistration,1,,,,, Updating port to 18080
9f6ca752-02a8-11e9-9d7c-a0c589f5ccba,20181218.17:38:06.396, INFO,Application,1,,,,, Started Application in 12.404 seconds (JVM running for 13.954)
0cf06342-02a9-11e9-8982-a0c589f5ccba,20181218.17:41:09.851, INFO,AnnotationConfigApplicationContext,,,,,, Refreshing org.springframework.context.annotation.AnnotationConfigApplicationContext@33308786: startup date [Tue Dec 18 17:41:09 CST 2018]; root of context hierarchy
0cf06344-02a9-11e9-8982-a0c589f5ccba,20181218.17:41:10.132, INFO,AutowiredAnnotationBeanPostProcessor,,,,,, JSR-330 'javax.inject.Inject' annotation found and supported for autowiring
0cf87996-02a9-11e9-8982-a0c589f5ccba,20181218.17:41:10.184, INFO,PostProcessorRegistrationDelegate$BeanPostProcessorChecker,,,,,, Bean 'configurationPropertiesRebinderAutoConfiguration' of type [org.springframework.cloud.autoconfigure.ConfigurationPropertiesRebinderAutoConfiguration$$EnhancerBySpringCGLIB$$cf672b66] is not eligible for getting processed by all BeanPostProcessors (for example: not eligible for auto-proxying)
0d35a9a8-02a9-11e9-8982-a0c589f5ccba,20181218.17:41:10.586, INFO,Application,,,,,, No active profile set, falling back to default profiles: default
0d37f39a-02a9-11e9-8982-a0c589f5ccba,20181218.17:41:10.601, INFO,AnnotationConfigReactiveWebServerApplicationContext,,,,,, Refreshing org.springframework.boot.web.reactive.context.AnnotationConfigReactiveWebServerApplicationContext@7ba63fe5: startup date [Tue Dec 18 17:41:10 CST 2018]; parent: org.springframework.context.annotation.AnnotationConfigApplicationContext@33308786
0dd3493c-02a9-11e9-8982-a0c589f5ccba,20181218.17:41:11.618, INFO,IntegrationRegistrar,,,,,, No bean named 'integrationHeaderChannelRegistry' has been explicitly defined. Therefore, a default DefaultHeaderChannelRegistry will be created.
0e0ef2ae-02a9-11e9-8982-a0c589f5ccba,20181218.17:41:12.010, INFO,GenericScope,,,,,, BeanFactory id=76e6035e-54c1-3b7d-a8a7-7b6571873e44
0e14e620-02a9-11e9-8982-a0c589f5ccba,20181218.17:41:12.049, INFO,DefaultConfiguringBeanFactoryPostProcessor,,,,,, No bean named 'errorChannel' has been explicitly defined. Therefore, a default PublishSubscribeChannel will be created.
0e1645b2-02a9-11e9-8982-a0c589f5ccba,20181218.17:41:12.057, INFO,DefaultConfiguringBeanFactoryPostProcessor,,,,,, No bean named 'taskScheduler' has been explicitly defined. Therefore, a default ThreadPoolTaskScheduler will be created.
0e186894-02a9-11e9-8982-a0c589f5ccba,20181218.17:41:12.072, INFO,AutowiredAnnotationBeanPostProcessor,,,,,, JSR-330 'javax.inject.Inject' annotation found and supported for autowiring
0e3a6f86-02a9-11e9-8982-a0c589f5ccba,20181218.17:41:12.294, INFO,PostProcessorRegistrationDelegate$BeanPostProcessorChecker,,,,,, Bean 'org.springframework.transaction.annotation.ProxyTransactionManagementConfiguration' of type [org.springframework.transaction.annotation.ProxyTransactionManagementConfiguration$$EnhancerBySpringCGLIB$$b34d2869] is not eligible for getting processed by all BeanPostProcessors (for example: not eligible for auto-proxying)
0e4285d8-02a9-11e9-8982-a0c589f5ccba,20181218.17:41:12.347, INFO,PostProcessorRegistrationDelegate$BeanPostProcessorChecker,,,,,, Bean 'org.springframework.integration.config.IntegrationManagementConfiguration' of type [org.springframework.integration.config.IntegrationManagementConfiguration$$EnhancerBySpringCGLIB$$1e3ee398] is not eligible for getting processed by all BeanPostProcessors (for example: not eligible for auto-proxying)
0e4dd07a-02a9-11e9-8982-a0c589f5ccba,20181218.17:41:12.422, INFO,PostProcessorRegistrationDelegate$BeanPostProcessorChecker,,,,,, Bean 'org.springframework.cloud.autoconfigure.ConfigurationPropertiesRebinderAutoConfiguration' of type [org.springframework.cloud.autoconfigure.ConfigurationPropertiesRebinderAutoConfiguration$$EnhancerBySpringCGLIB$$cf672b66] is not eligible for getting processed by all BeanPostProcessors (for example: not eligible for auto-proxying)
0e97aabc-02a9-11e9-8982-a0c589f5ccba,20181218.17:41:12.906, INFO,SimpleUrlHandlerMapping,,,,,, Mapped URL path [/webjars/**] onto handler of type [class org.springframework.web.reactive.resource.ResourceWebHandler]
0e97aabe-02a9-11e9-8982-a0c589f5ccba,20181218.17:41:12.906, INFO,SimpleUrlHandlerMapping,,,,,, Mapped URL path [/**] onto handler of type [class org.springframework.web.reactive.resource.ResourceWebHandler]
0f2fcc10-02a9-11e9-8982-a0c589f5ccba,20181218.17:41:13.903, WARN,URLConfigurationSource,,,,,, No URLs will be polled as dynamic configuration sources.
0fe141c2-02a9-11e9-8982-a0c589f5ccba,20181218.17:41:15.065, INFO,RouteDefinitionRouteLocator,,,,,, Loaded RoutePredicateFactory [After]
0fe141c4-02a9-11e9-8982-a0c589f5ccba,20181218.17:41:15.065, INFO,RouteDefinitionRouteLocator,,,,,, Loaded RoutePredicateFactory [Before]
0fe141c6-02a9-11e9-8982-a0c589f5ccba,20181218.17:41:15.066, INFO,RouteDefinitionRouteLocator,,,,,, Loaded RoutePredicateFactory [Between]
0fe141c8-02a9-11e9-8982-a0c589f5ccba,20181218.17:41:15.066, INFO,RouteDefinitionRouteLocator,,,,,, Loaded RoutePredicateFactory [Cookie]
0fe141ca-02a9-11e9-8982-a0c589f5ccba,20181218.17:41:15.066, INFO,RouteDefinitionRouteLocator,,,,,, Loaded RoutePredicateFactory [Header]
0fe168dc-02a9-11e9-8982-a0c589f5ccba,20181218.17:41:15.066, INFO,RouteDefinitionRouteLocator,,,,,, Loaded RoutePredicateFactory [Host]
0fe168de-02a9-11e9-8982-a0c589f5ccba,20181218.17:41:15.067, INFO,RouteDefinitionRouteLocator,,,,,, Loaded RoutePredicateFactory [Method]
0fe168e0-02a9-11e9-8982-a0c589f5ccba,20181218.17:41:15.067, INFO,RouteDefinitionRouteLocator,,,,,, Loaded RoutePredicateFactory [Path]
0fe168e2-02a9-11e9-8982-a0c589f5ccba,20181218.17:41:15.067, INFO,RouteDefinitionRouteLocator,,,,,, Loaded RoutePredicateFactory [Query]
0fe18ff4-02a9-11e9-8982-a0c589f5ccba,20181218.17:41:15.067, INFO,RouteDefinitionRouteLocator,,,,,, Loaded RoutePredicateFactory [ReadBodyPredicateFactory]
0fe18ff6-02a9-11e9-8982-a0c589f5ccba,20181218.17:41:15.068, INFO,RouteDefinitionRouteLocator,,,,,, Loaded RoutePredicateFactory [RemoteAddr]
0fe18ff8-02a9-11e9-8982-a0c589f5ccba,20181218.17:41:15.068, INFO,RouteDefinitionRouteLocator,,,,,, Loaded RoutePredicateFactory [Weight]
0fe18ffa-02a9-11e9-8982-a0c589f5ccba,20181218.17:41:15.068, INFO,RouteDefinitionRouteLocator,,,,,, Loaded RoutePredicateFactory [CloudFoundryRouteService]
106ba78c-02a9-11e9-8982-a0c589f5ccba,20181218.17:41:15.973, INFO,EndpointLinksResolver,,,,,, Exposing 2 endpoint(s) beneath base path '/actuator'
106f02ee-02a9-11e9-8982-a0c589f5ccba,20181218.17:41:15.995, INFO,WebFluxEndpointHandlerMapping,,,,,, Mapped "{[/actuator/health],methods=[GET],produces=[application/vnd.spring-boot.actuator.v2+json || application/json]}" onto public org.reactivestreams.Publisher<org.springframework.http.ResponseEntity<java.lang.Object>> org.springframework.boot.actuate.endpoint.web.reactive.AbstractWebFluxEndpointHandlerMapping$ReadOperationHandler.handle(org.springframework.web.server.ServerWebExchange)
106f5110-02a9-11e9-8982-a0c589f5ccba,20181218.17:41:15.997, INFO,WebFluxEndpointHandlerMapping,,,,,, Mapped "{[/actuator/info],methods=[GET],produces=[application/vnd.spring-boot.actuator.v2+json || application/json]}" onto public org.reactivestreams.Publisher<org.springframework.http.ResponseEntity<java.lang.Object>> org.springframework.boot.actuate.endpoint.web.reactive.AbstractWebFluxEndpointHandlerMapping$ReadOperationHandler.handle(org.springframework.web.server.ServerWebExchange)
106f7822-02a9-11e9-8982-a0c589f5ccba,20181218.17:41:15.998, INFO,WebFluxEndpointHandlerMapping,,,,,, Mapped "{[/actuator],methods=[GET],produces=[application/vnd.spring-boot.actuator.v2+json || application/json]}" onto protected java.util.Map<java.lang.String, java.util.Map<java.lang.String, org.springframework.boot.actuate.endpoint.web.Link>> org.springframework.boot.actuate.endpoint.web.reactive.WebFluxEndpointHandlerMapping.links(org.springframework.web.server.ServerWebExchange)
10832734-02a9-11e9-8982-a0c589f5ccba,20181218.17:41:16.127, INFO,ControllerMethodResolver,,,,,, Looking for @ControllerAdvice: org.springframework.boot.web.reactive.context.AnnotationConfigReactiveWebServerApplicationContext@7ba63fe5: startup date [Tue Dec 18 17:41:10 CST 2018]; parent: org.springframework.context.annotation.AnnotationConfigApplicationContext@33308786
10c07e56-02a9-11e9-8982-a0c589f5ccba,20181218.17:41:16.529, INFO,ServiceMappingImpl,1,,,,, Service mapping initialize successful.
10f5bf28-02a9-11e9-8982-a0c589f5ccba,20181218.17:41:16.877, WARN,URLConfigurationSource,1,,,,, No URLs will be polled as dynamic configuration sources.
118fb53a-02a9-11e9-8982-a0c589f5ccba,20181218.17:41:17.886, INFO,ThreadPoolTaskScheduler,1,,,,, Initializing ExecutorService  'taskScheduler'
1243ea0c-02a9-11e9-8982-a0c589f5ccba,20181218.17:41:19.068, INFO,AnnotationMBeanExporter,1,,,,, Registering beans for JMX exposure on startup
1244111e-02a9-11e9-8982-a0c589f5ccba,20181218.17:41:19.069, INFO,AnnotationMBeanExporter,1,,,,, Bean with name 'doraBasicDataSource' has been autodetected for JMX exposure
1245bed0-02a9-11e9-8982-a0c589f5ccba,20181218.17:41:19.080, INFO,AnnotationMBeanExporter,1,,,,, Bean with name 'refreshScope' has been autodetected for JMX exposure
1245e5e2-02a9-11e9-8982-a0c589f5ccba,20181218.17:41:19.081, INFO,AnnotationMBeanExporter,1,,,,, Bean with name 'environmentManager' has been autodetected for JMX exposure
12460cf4-02a9-11e9-8982-a0c589f5ccba,20181218.17:41:19.082, INFO,AnnotationMBeanExporter,1,,,,, Bean with name 'integrationMbeanExporter' has been autodetected for JMX exposure
12463406-02a9-11e9-8982-a0c589f5ccba,20181218.17:41:19.083, INFO,AnnotationMBeanExporter,1,,,,, Bean with name 'configurationPropertiesRebinder' has been autodetected for JMX exposure
1246f758-02a9-11e9-8982-a0c589f5ccba,20181218.17:41:19.087, INFO,AnnotationMBeanExporter,1,,,,, Located managed bean 'environmentManager': registering with JMX server as MBean [org.springframework.cloud.context.environment:name=environmentManager,type=EnvironmentManager]
1249414a-02a9-11e9-8982-a0c589f5ccba,20181218.17:41:19.103, INFO,AnnotationMBeanExporter,1,,,,, Located MBean 'doraBasicDataSource': registering with JMX server as MBean [org.apache.commons.dbcp2:name=doraBasicDataSource,type=BasicDataSource]
1249b67c-02a9-11e9-8982-a0c589f5ccba,20181218.17:41:19.106, INFO,AnnotationMBeanExporter,1,,,,, Located managed bean 'refreshScope': registering with JMX server as MBean [org.springframework.cloud.context.scope.refresh:name=refreshScope,type=RefreshScope]
124e4a5e-02a9-11e9-8982-a0c589f5ccba,20181218.17:41:19.136, INFO,AnnotationMBeanExporter,1,,,,, Located managed bean 'integrationMbeanExporter': registering with JMX server as MBean [org.springframework.integration.monitor:name=integrationMbeanExporter,type=IntegrationMBeanExporter]
12559d60-02a9-11e9-8982-a0c589f5ccba,20181218.17:41:19.184, INFO,AnnotationMBeanExporter,1,,,,, Located managed bean 'configurationPropertiesRebinder': registering with JMX server as MBean [org.springframework.cloud.context.properties:name=configurationPropertiesRebinder,context=7ba63fe5,type=ConfigurationPropertiesRebinder]
125acd82-02a9-11e9-8982-a0c589f5ccba,20181218.17:41:19.218, INFO,IntegrationMBeanExporter,1,,,,, Registering beans for JMX exposure on startup
125af494-02a9-11e9-8982-a0c589f5ccba,20181218.17:41:19.219, INFO,IntegrationMBeanExporter,1,,,,, Registering MessageChannel nullChannel
125bb7e6-02a9-11e9-8982-a0c589f5ccba,20181218.17:41:19.224, INFO,IntegrationMBeanExporter,1,,,,, Located managed bean 'org.springframework.integration:type=MessageChannel,name=nullChannel': registering with JMX server as MBean [org.springframework.integration:type=MessageChannel,name=nullChannel]
125d8ca8-02a9-11e9-8982-a0c589f5ccba,20181218.17:41:19.236, INFO,IntegrationMBeanExporter,1,,,,, Registering MessageChannel errorChannel
125e01da-02a9-11e9-8982-a0c589f5ccba,20181218.17:41:19.238, INFO,IntegrationMBeanExporter,1,,,,, Located managed bean 'org.springframework.integration:type=MessageChannel,name=errorChannel': registering with JMX server as MBean [org.springframework.integration:type=MessageChannel,name=errorChannel]
126f66fc-02a9-11e9-8982-a0c589f5ccba,20181218.17:41:19.352, INFO,IntegrationMBeanExporter,1,,,,, Registering MessageHandler errorLogger
126fb51e-02a9-11e9-8982-a0c589f5ccba,20181218.17:41:19.355, INFO,IntegrationMBeanExporter,1,,,,, Located managed bean 'org.springframework.integration:type=MessageHandler,name=errorLogger,bean=internal': registering with JMX server as MBean [org.springframework.integration:type=MessageHandler,name=errorLogger,bean=internal]
127692f0-02a9-11e9-8982-a0c589f5ccba,20181218.17:41:19.400, INFO,DefaultLifecycleProcessor,1,,,,, Starting beans in phase 0
127a3c72-02a9-11e9-8982-a0c589f5ccba,20181218.17:41:19.424, INFO,InstanceInfoFactory,1,,,,, Setting initial instance status as: STARTING
131ce514-02a9-11e9-8982-a0c589f5ccba,20181218.17:41:20.490, INFO,EurekaServiceRegistry,1,,,,, Registering application ume-could-gateway with eureka with status UP
131e92c6-02a9-11e9-8982-a0c589f5ccba,20181218.17:41:20.501, INFO,EventDrivenConsumer,1,,,,, Adding {logging-channel-adapter:_org.springframework.integration.errorLogger} as a subscriber to the 'errorChannel' channel
131e92c8-02a9-11e9-8982-a0c589f5ccba,20181218.17:41:20.501, INFO,PublishSubscribeChannel,1,,,,, Channel 'application-1.errorChannel' has 1 subscriber(s).
131eb9da-02a9-11e9-8982-a0c589f5ccba,20181218.17:41:20.501, INFO,EventDrivenConsumer,1,,,,, started _org.springframework.integration.errorLogger
13561d8c-02a9-11e9-8982-a0c589f5ccba,20181218.17:41:20.864, INFO,BlockingNettyContext,,,,,, Started HttpServer on /0:0:0:0:0:0:0:0:18080
13561d8e-02a9-11e9-8982-a0c589f5ccba,20181218.17:41:20.865, INFO,NettyWebServer,1,,,,, Netty started on port(s): 18080
135644a0-02a9-11e9-8982-a0c589f5ccba,20181218.17:41:20.866, INFO,EurekaAutoServiceRegistration,1,,,,, Updating port to 18080
135692c2-02a9-11e9-8982-a0c589f5ccba,20181218.17:41:20.868, INFO,Application,1,,,,, Started Application in 12.001 seconds (JVM running for 13.533)
1729e1e4-02a9-11e9-8982-a0c589f5ccba,20181218.17:41:27.285, INFO,AnnotationConfigApplicationContext,,,,,, Refreshing SpringClientFactory-UME-QUICKSTART-CLOUD: startup date [Tue Dec 18 17:41:27 CST 2018]; parent: org.springframework.boot.web.reactive.context.AnnotationConfigReactiveWebServerApplicationContext@7ba63fe5
17329476-02a9-11e9-8982-a0c589f5ccba,20181218.17:41:27.342, INFO,AutowiredAnnotationBeanPostProcessor,,,,,, JSR-330 'javax.inject.Inject' annotation found and supported for autowiring
61663e92-02a9-11e9-b3d8-a0c589f5ccba,20181218.17:43:31.529, INFO,AnnotationConfigApplicationContext,,,,,, Refreshing org.springframework.context.annotation.AnnotationConfigApplicationContext@22356acd: startup date [Tue Dec 18 17:43:31 CST 2018]; root of context hierarchy
616665a4-02a9-11e9-b3d8-a0c589f5ccba,20181218.17:43:31.832, INFO,AutowiredAnnotationBeanPostProcessor,,,,,, JSR-330 'javax.inject.Inject' annotation found and supported for autowiring
616e06c6-02a9-11e9-b3d8-a0c589f5ccba,20181218.17:43:31.883, INFO,PostProcessorRegistrationDelegate$BeanPostProcessorChecker,,,,,, Bean 'configurationPropertiesRebinderAutoConfiguration' of type [org.springframework.cloud.autoconfigure.ConfigurationPropertiesRebinderAutoConfiguration$$EnhancerBySpringCGLIB$$ac4b877c] is not eligible for getting processed by all BeanPostProcessors (for example: not eligible for auto-proxying)
61af2e78-02a9-11e9-b3d8-a0c589f5ccba,20181218.17:43:32.310, INFO,Application,,,,,, No active profile set, falling back to default profiles: default
61b1786a-02a9-11e9-b3d8-a0c589f5ccba,20181218.17:43:32.326, INFO,AnnotationConfigReactiveWebServerApplicationContext,,,,,, Refreshing org.springframework.boot.web.reactive.context.AnnotationConfigReactiveWebServerApplicationContext@4fbb001b: startup date [Tue Dec 18 17:43:32 CST 2018]; parent: org.springframework.context.annotation.AnnotationConfigApplicationContext@22356acd
62529a6c-02a9-11e9-b3d8-a0c589f5ccba,20181218.17:43:33.382, INFO,IntegrationRegistrar,,,,,, No bean named 'integrationHeaderChannelRegistry' has been explicitly defined. Therefore, a default DefaultHeaderChannelRegistry will be created.
628f072e-02a9-11e9-b3d8-a0c589f5ccba,20181218.17:43:33.777, INFO,GenericScope,,,,,, BeanFactory id=76e6035e-54c1-3b7d-a8a7-7b6571873e44
62934cf0-02a9-11e9-b3d8-a0c589f5ccba,20181218.17:43:33.806, INFO,DefaultConfiguringBeanFactoryPostProcessor,,,,,, No bean named 'errorChannel' has been explicitly defined. Therefore, a default PublishSubscribeChannel will be created.
6294d392-02a9-11e9-b3d8-a0c589f5ccba,20181218.17:43:33.815, INFO,DefaultConfiguringBeanFactoryPostProcessor,,,,,, No bean named 'taskScheduler' has been explicitly defined. Therefore, a default ThreadPoolTaskScheduler will be created.
62971d84-02a9-11e9-b3d8-a0c589f5ccba,20181218.17:43:33.830, INFO,AutowiredAnnotationBeanPostProcessor,,,,,, JSR-330 'javax.inject.Inject' annotation found and supported for autowiring
62b92476-02a9-11e9-b3d8-a0c589f5ccba,20181218.17:43:34.053, INFO,PostProcessorRegistrationDelegate$BeanPostProcessorChecker,,,,,, Bean 'org.springframework.transaction.annotation.ProxyTransactionManagementConfiguration' of type [org.springframework.transaction.annotation.ProxyTransactionManagementConfiguration$$EnhancerBySpringCGLIB$$9031847f] is not eligible for getting processed by all BeanPostProcessors (for example: not eligible for auto-proxying)
62c188e8-02a9-11e9-b3d8-a0c589f5ccba,20181218.17:43:34.109, INFO,PostProcessorRegistrationDelegate$BeanPostProcessorChecker,,,,,, Bean 'org.springframework.integration.config.IntegrationManagementConfiguration' of type [org.springframework.integration.config.IntegrationManagementConfiguration$$EnhancerBySpringCGLIB$$fb233fae] is not eligible for getting processed by all BeanPostProcessors (for example: not eligible for auto-proxying)
62ca146a-02a9-11e9-b3d8-a0c589f5ccba,20181218.17:43:34.164, INFO,PostProcessorRegistrationDelegate$BeanPostProcessorChecker,,,,,, Bean 'org.springframework.cloud.autoconfigure.ConfigurationPropertiesRebinderAutoConfiguration' of type [org.springframework.cloud.autoconfigure.ConfigurationPropertiesRebinderAutoConfiguration$$EnhancerBySpringCGLIB$$ac4b877c] is not eligible for getting processed by all BeanPostProcessors (for example: not eligible for auto-proxying)
630d10dc-02a9-11e9-b3d8-a0c589f5ccba,20181218.17:43:34.604, INFO,SimpleUrlHandlerMapping,,,,,, Mapped URL path [/webjars/**] onto handler of type [class org.springframework.web.reactive.resource.ResourceWebHandler]
630d10de-02a9-11e9-b3d8-a0c589f5ccba,20181218.17:43:34.604, INFO,SimpleUrlHandlerMapping,,,,,, Mapped URL path [/**] onto handler of type [class org.springframework.web.reactive.resource.ResourceWebHandler]
63a66ab0-02a9-11e9-b3d8-a0c589f5ccba,20181218.17:43:35.608, WARN,URLConfigurationSource,,,,,, No URLs will be polled as dynamic configuration sources.
645ff6b2-02a9-11e9-b3d8-a0c589f5ccba,20181218.17:43:36.825, INFO,RouteDefinitionRouteLocator,,,,,, Loaded RoutePredicateFactory [After]
645ff6b4-02a9-11e9-b3d8-a0c589f5ccba,20181218.17:43:36.825, INFO,RouteDefinitionRouteLocator,,,,,, Loaded RoutePredicateFactory [Before]
645ff6b6-02a9-11e9-b3d8-a0c589f5ccba,20181218.17:43:36.825, INFO,RouteDefinitionRouteLocator,,,,,, Loaded RoutePredicateFactory [Between]
64601dc8-02a9-11e9-b3d8-a0c589f5ccba,20181218.17:43:36.825, INFO,RouteDefinitionRouteLocator,,,,,, Loaded RoutePredicateFactory [Cookie]
64601dca-02a9-11e9-b3d8-a0c589f5ccba,20181218.17:43:36.826, INFO,RouteDefinitionRouteLocator,,,,,, Loaded RoutePredicateFactory [Header]
64601dcc-02a9-11e9-b3d8-a0c589f5ccba,20181218.17:43:36.826, INFO,RouteDefinitionRouteLocator,,,,,, Loaded RoutePredicateFactory [Host]
64601dce-02a9-11e9-b3d8-a0c589f5ccba,20181218.17:43:36.826, INFO,RouteDefinitionRouteLocator,,,,,, Loaded RoutePredicateFactory [Method]
64601dd0-02a9-11e9-b3d8-a0c589f5ccba,20181218.17:43:36.826, INFO,RouteDefinitionRouteLocator,,,,,, Loaded RoutePredicateFactory [Path]
64601dd2-02a9-11e9-b3d8-a0c589f5ccba,20181218.17:43:36.826, INFO,RouteDefinitionRouteLocator,,,,,, Loaded RoutePredicateFactory [Query]
64601dd4-02a9-11e9-b3d8-a0c589f5ccba,20181218.17:43:36.826, INFO,RouteDefinitionRouteLocator,,,,,, Loaded RoutePredicateFactory [ReadBodyPredicateFactory]
646044e6-02a9-11e9-b3d8-a0c589f5ccba,20181218.17:43:36.826, INFO,RouteDefinitionRouteLocator,,,,,, Loaded RoutePredicateFactory [RemoteAddr]
646044e8-02a9-11e9-b3d8-a0c589f5ccba,20181218.17:43:36.827, INFO,RouteDefinitionRouteLocator,,,,,, Loaded RoutePredicateFactory [Weight]
646044ea-02a9-11e9-b3d8-a0c589f5ccba,20181218.17:43:36.827, INFO,RouteDefinitionRouteLocator,,,,,, Loaded RoutePredicateFactory [CloudFoundryRouteService]
64d7e5ec-02a9-11e9-b3d8-a0c589f5ccba,20181218.17:43:37.610, INFO,EndpointLinksResolver,,,,,, Exposing 2 endpoint(s) beneath base path '/actuator'
64dc049e-02a9-11e9-b3d8-a0c589f5ccba,20181218.17:43:37.637, INFO,WebFluxEndpointHandlerMapping,,,,,, Mapped "{[/actuator/health],methods=[GET],produces=[application/vnd.spring-boot.actuator.v2+json || application/json]}" onto public org.reactivestreams.Publisher<org.springframework.http.ResponseEntity<java.lang.Object>> org.springframework.boot.actuate.endpoint.web.reactive.AbstractWebFluxEndpointHandlerMapping$ReadOperationHandler.handle(org.springframework.web.server.ServerWebExchange)
64dc52c0-02a9-11e9-b3d8-a0c589f5ccba,20181218.17:43:37.640, INFO,WebFluxEndpointHandlerMapping,,,,,, Mapped "{[/actuator/info],methods=[GET],produces=[application/vnd.spring-boot.actuator.v2+json || application/json]}" onto public org.reactivestreams.Publisher<org.springframework.http.ResponseEntity<java.lang.Object>> org.springframework.boot.actuate.endpoint.web.reactive.AbstractWebFluxEndpointHandlerMapping$ReadOperationHandler.handle(org.springframework.web.server.ServerWebExchange)
64dc79d2-02a9-11e9-b3d8-a0c589f5ccba,20181218.17:43:37.641, INFO,WebFluxEndpointHandlerMapping,,,,,, Mapped "{[/actuator],methods=[GET],produces=[application/vnd.spring-boot.actuator.v2+json || application/json]}" onto protected java.util.Map<java.lang.String, java.util.Map<java.lang.String, org.springframework.boot.actuate.endpoint.web.Link>> org.springframework.boot.actuate.endpoint.web.reactive.WebFluxEndpointHandlerMapping.links(org.springframework.web.server.ServerWebExchange)
64f50ae4-02a9-11e9-b3d8-a0c589f5ccba,20181218.17:43:37.802, INFO,ControllerMethodResolver,,,,,, Looking for @ControllerAdvice: org.springframework.boot.web.reactive.context.AnnotationConfigReactiveWebServerApplicationContext@4fbb001b: startup date [Tue Dec 18 17:43:32 CST 2018]; parent: org.springframework.context.annotation.AnnotationConfigApplicationContext@22356acd
653484e6-02a9-11e9-b3d8-a0c589f5ccba,20181218.17:43:38.218, INFO,ServiceMappingImpl,1,,,,, Service mapping initialize successful.
656b2548-02a9-11e9-b3d8-a0c589f5ccba,20181218.17:43:38.575, WARN,URLConfigurationSource,1,,,,, No URLs will be polled as dynamic configuration sources.
6612d6fa-02a9-11e9-b3d8-a0c589f5ccba,20181218.17:43:39.674, INFO,ThreadPoolTaskScheduler,1,,,,, Initializing ExecutorService  'taskScheduler'
6686323c-02a9-11e9-b3d8-a0c589f5ccba,20181218.17:43:40.430, INFO,AnnotationMBeanExporter,1,,,,, Registering beans for JMX exposure on startup
6686594e-02a9-11e9-b3d8-a0c589f5ccba,20181218.17:43:40.432, INFO,AnnotationMBeanExporter,1,,,,, Bean with name 'doraBasicDataSource' has been autodetected for JMX exposure
66887c30-02a9-11e9-b3d8-a0c589f5ccba,20181218.17:43:40.446, INFO,AnnotationMBeanExporter,1,,,,, Bean with name 'refreshScope' has been autodetected for JMX exposure
6688ca52-02a9-11e9-b3d8-a0c589f5ccba,20181218.17:43:40.448, INFO,AnnotationMBeanExporter,1,,,,, Bean with name 'environmentManager' has been autodetected for JMX exposure
6688f164-02a9-11e9-b3d8-a0c589f5ccba,20181218.17:43:40.449, INFO,AnnotationMBeanExporter,1,,,,, Bean with name 'integrationMbeanExporter' has been autodetected for JMX exposure
66891876-02a9-11e9-b3d8-a0c589f5ccba,20181218.17:43:40.450, INFO,AnnotationMBeanExporter,1,,,,, Bean with name 'configurationPropertiesRebinder' has been autodetected for JMX exposure
6689dbc8-02a9-11e9-b3d8-a0c589f5ccba,20181218.17:43:40.455, INFO,AnnotationMBeanExporter,1,,,,, Located managed bean 'environmentManager': registering with JMX server as MBean [org.springframework.cloud.context.environment:name=environmentManager,type=EnvironmentManager]
66c229da-02a9-11e9-b3d8-a0c589f5ccba,20181218.17:43:40.824, INFO,AnnotationMBeanExporter,1,,,,, Located MBean 'doraBasicDataSource': registering with JMX server as MBean [org.apache.commons.dbcp2:name=doraBasicDataSource,type=BasicDataSource]
66c277fc-02a9-11e9-b3d8-a0c589f5ccba,20181218.17:43:40.826, INFO,AnnotationMBeanExporter,1,,,,, Located managed bean 'refreshScope': registering with JMX server as MBean [org.springframework.cloud.context.scope.refresh:name=refreshScope,type=RefreshScope]
66c5ac4e-02a9-11e9-b3d8-a0c589f5ccba,20181218.17:43:40.847, INFO,AnnotationMBeanExporter,1,,,,, Located managed bean 'integrationMbeanExporter': registering with JMX server as MBean [org.springframework.integration.monitor:name=integrationMbeanExporter,type=IntegrationMBeanExporter]
66cc6310-02a9-11e9-b3d8-a0c589f5ccba,20181218.17:43:40.890, INFO,AnnotationMBeanExporter,1,,,,, Located managed bean 'configurationPropertiesRebinder': registering with JMX server as MBean [org.springframework.cloud.context.properties:name=configurationPropertiesRebinder,context=4fbb001b,type=ConfigurationPropertiesRebinder]
66d16c22-02a9-11e9-b3d8-a0c589f5ccba,20181218.17:43:40.924, INFO,IntegrationMBeanExporter,1,,,,, Registering beans for JMX exposure on startup
66d16c24-02a9-11e9-b3d8-a0c589f5ccba,20181218.17:43:40.924, INFO,IntegrationMBeanExporter,1,,,,, Registering MessageChannel nullChannel
66d25686-02a9-11e9-b3d8-a0c589f5ccba,20181218.17:43:40.930, INFO,IntegrationMBeanExporter,1,,,,, Located managed bean 'org.springframework.integration:type=MessageChannel,name=nullChannel': registering with JMX server as MBean [org.springframework.integration:type=MessageChannel,name=nullChannel]
66d42b48-02a9-11e9-b3d8-a0c589f5ccba,20181218.17:43:40.942, INFO,IntegrationMBeanExporter,1,,,,, Registering MessageChannel errorChannel
66d4796a-02a9-11e9-b3d8-a0c589f5ccba,20181218.17:43:40.944, INFO,IntegrationMBeanExporter,1,,,,, Located managed bean 'org.springframework.integration:type=MessageChannel,name=errorChannel': registering with JMX server as MBean [org.springframework.integration:type=MessageChannel,name=errorChannel]
66e457ec-02a9-11e9-b3d8-a0c589f5ccba,20181218.17:43:41.048, INFO,IntegrationMBeanExporter,1,,,,, Registering MessageHandler errorLogger
66e4cd1e-02a9-11e9-b3d8-a0c589f5ccba,20181218.17:43:41.050, INFO,IntegrationMBeanExporter,1,,,,, Located managed bean 'org.springframework.integration:type=MessageHandler,name=errorLogger,bean=internal': registering with JMX server as MBean [org.springframework.integration:type=MessageHandler,name=errorLogger,bean=internal]
66ebf910-02a9-11e9-b3d8-a0c589f5ccba,20181218.17:43:41.098, INFO,DefaultLifecycleProcessor,1,,,,, Starting beans in phase 0
66f10222-02a9-11e9-b3d8-a0c589f5ccba,20181218.17:43:41.130, INFO,InstanceInfoFactory,1,,,,, Setting initial instance status as: STARTING
679dbce4-02a9-11e9-b3d8-a0c589f5ccba,20181218.17:43:42.263, INFO,EurekaServiceRegistry,1,,,,, Registering application ume-could-gateway with eureka with status UP
679f4386-02a9-11e9-b3d8-a0c589f5ccba,20181218.17:43:42.272, INFO,EventDrivenConsumer,1,,,,, Adding {logging-channel-adapter:_org.springframework.integration.errorLogger} as a subscriber to the 'errorChannel' channel
679f4388-02a9-11e9-b3d8-a0c589f5ccba,20181218.17:43:42.273, INFO,PublishSubscribeChannel,1,,,,, Channel 'application-1.errorChannel' has 1 subscriber(s).
679f438a-02a9-11e9-b3d8-a0c589f5ccba,20181218.17:43:42.273, INFO,EventDrivenConsumer,1,,,,, started _org.springframework.integration.errorLogger
67e944dc-02a9-11e9-b3d8-a0c589f5ccba,20181218.17:43:42.757, INFO,BlockingNettyContext,,,,,, Started HttpServer on /0:0:0:0:0:0:0:0:18080
67e944de-02a9-11e9-b3d8-a0c589f5ccba,20181218.17:43:42.758, INFO,NettyWebServer,1,,,,, Netty started on port(s): 18080
67e96bf0-02a9-11e9-b3d8-a0c589f5ccba,20181218.17:43:42.759, INFO,EurekaAutoServiceRegistration,1,,,,, Updating port to 18080
67e9e122-02a9-11e9-b3d8-a0c589f5ccba,20181218.17:43:42.761, INFO,Application,1,,,,, Started Application in 12.218 seconds (JVM running for 13.76)
7179ffe4-02a9-11e9-b3d8-a0c589f5ccba,20181218.17:43:58.805, INFO,AnnotationConfigApplicationContext,,,,,, Refreshing SpringClientFactory-UME-QUICKSTART-CLOUD: startup date [Tue Dec 18 17:43:58 CST 2018]; parent: org.springframework.boot.web.reactive.context.AnnotationConfigReactiveWebServerApplicationContext@4fbb001b
7181a106-02a9-11e9-b3d8-a0c589f5ccba,20181218.17:43:58.856, INFO,AutowiredAnnotationBeanPostProcessor,,,,,, JSR-330 'javax.inject.Inject' annotation found and supported for autowiring
